WARNING - 2025-02-14 04:35:52 --> [DEPRECATED] Creation of dynamic property App\Controllers\EventsController::$eventLevelsModel is deprecated in APPPATH\Controllers\EventsController.php on line 29.
 1 SYSTEMPATH\CodeIgniter.php(903): App\Controllers\EventsController->__construct()
 2 SYSTEMPATH\CodeIgniter.php(500): CodeIgniter\CodeIgniter->createController()
 3 SYSTEMPATH\CodeIgniter.php(355): CodeIgniter\CodeIgniter->handleRequest(null, Object(Config\Cache), false)
 4 SYSTEMPATH\Boot.php(325): CodeIgniter\CodeIgniter->run()
 5 SYSTEMPATH\Boot.php(67): CodeIgniter\Boot::runCodeIgniter(Object(CodeIgniter\CodeIgniter))
 6 FCPATH\index.php(56): CodeIgniter\Boot::bootWeb(Object(Config\Paths))
WARNING - 2025-02-14 04:38:16 --> [DEPRECATED] Creation of dynamic property App\Controllers\EventsController::$eventLevelsModel is deprecated in APPPATH\Controllers\EventsController.php on line 29.
 1 SYSTEMPATH\CodeIgniter.php(903): App\Controllers\EventsController->__construct()
 2 SYSTEMPATH\CodeIgniter.php(500): CodeIgniter\CodeIgniter->createController()
 3 SYSTEMPATH\CodeIgniter.php(355): CodeIgniter\CodeIgniter->handleRequest(null, Object(Config\Cache), false)
 4 SYSTEMPATH\Boot.php(325): CodeIgniter\CodeIgniter->run()
 5 SYSTEMPATH\Boot.php(67): CodeIgniter\Boot::runCodeIgniter(Object(CodeIgniter\CodeIgniter))
 6 FCPATH\index.php(56): CodeIgniter\Boot::bootWeb(Object(Config\Paths))
WARNING - 2025-02-14 04:38:17 --> [DEPRECATED] Creation of dynamic property App\Controllers\EventsController::$eventLevelsModel is deprecated in APPPATH\Controllers\EventsController.php on line 29.
 1 SYSTEMPATH\CodeIgniter.php(903): App\Controllers\EventsController->__construct()
 2 SYSTEMPATH\CodeIgniter.php(500): CodeIgniter\CodeIgniter->createController()
 3 SYSTEMPATH\CodeIgniter.php(355): CodeIgniter\CodeIgniter->handleRequest(null, Object(Config\Cache), false)
 4 SYSTEMPATH\Boot.php(325): CodeIgniter\CodeIgniter->run()
 5 SYSTEMPATH\Boot.php(67): CodeIgniter\Boot::runCodeIgniter(Object(CodeIgniter\CodeIgniter))
 6 FCPATH\index.php(56): CodeIgniter\Boot::bootWeb(Object(Config\Paths))
WARNING - 2025-02-14 04:40:34 --> [DEPRECATED] Creation of dynamic property App\Controllers\EventsController::$eventLevelsModel is deprecated in APPPATH\Controllers\EventsController.php on line 29.
 1 SYSTEMPATH\CodeIgniter.php(903): App\Controllers\EventsController->__construct()
 2 SYSTEMPATH\CodeIgniter.php(500): CodeIgniter\CodeIgniter->createController()
 3 SYSTEMPATH\CodeIgniter.php(355): CodeIgniter\CodeIgniter->handleRequest(null, Object(Config\Cache), false)
 4 SYSTEMPATH\Boot.php(325): CodeIgniter\CodeIgniter->run()
 5 SYSTEMPATH\Boot.php(67): CodeIgniter\Boot::runCodeIgniter(Object(CodeIgniter\CodeIgniter))
 6 FCPATH\index.php(56): CodeIgniter\Boot::bootWeb(Object(Config\Paths))
WARNING - 2025-02-14 04:40:34 --> [DEPRECATED] Creation of dynamic property App\Controllers\EventsController::$eventLevelsModel is deprecated in APPPATH\Controllers\EventsController.php on line 29.
 1 SYSTEMPATH\CodeIgniter.php(903): App\Controllers\EventsController->__construct()
 2 SYSTEMPATH\CodeIgniter.php(500): CodeIgniter\CodeIgniter->createController()
 3 SYSTEMPATH\CodeIgniter.php(355): CodeIgniter\CodeIgniter->handleRequest(null, Object(Config\Cache), false)
 4 SYSTEMPATH\Boot.php(325): CodeIgniter\CodeIgniter->run()
 5 SYSTEMPATH\Boot.php(67): CodeIgniter\Boot::runCodeIgniter(Object(CodeIgniter\CodeIgniter))
 6 FCPATH\index.php(56): CodeIgniter\Boot::bootWeb(Object(Config\Paths))
WARNING - 2025-02-14 04:41:27 --> [DEPRECATED] Creation of dynamic property App\Controllers\EventsController::$eventLevelsModel is deprecated in APPPATH\Controllers\EventsController.php on line 29.
 1 SYSTEMPATH\CodeIgniter.php(903): App\Controllers\EventsController->__construct()
 2 SYSTEMPATH\CodeIgniter.php(500): CodeIgniter\CodeIgniter->createController()
 3 SYSTEMPATH\CodeIgniter.php(355): CodeIgniter\CodeIgniter->handleRequest(null, Object(Config\Cache), false)
 4 SYSTEMPATH\Boot.php(325): CodeIgniter\CodeIgniter->run()
 5 SYSTEMPATH\Boot.php(67): CodeIgniter\Boot::runCodeIgniter(Object(CodeIgniter\CodeIgniter))
 6 FCPATH\index.php(56): CodeIgniter\Boot::bootWeb(Object(Config\Paths))
WARNING - 2025-02-14 04:41:28 --> [DEPRECATED] Creation of dynamic property App\Controllers\EventsController::$eventLevelsModel is deprecated in APPPATH\Controllers\EventsController.php on line 29.
 1 SYSTEMPATH\CodeIgniter.php(903): App\Controllers\EventsController->__construct()
 2 SYSTEMPATH\CodeIgniter.php(500): CodeIgniter\CodeIgniter->createController()
 3 SYSTEMPATH\CodeIgniter.php(355): CodeIgniter\CodeIgniter->handleRequest(null, Object(Config\Cache), false)
 4 SYSTEMPATH\Boot.php(325): CodeIgniter\CodeIgniter->run()
 5 SYSTEMPATH\Boot.php(67): CodeIgniter\Boot::runCodeIgniter(Object(CodeIgniter\CodeIgniter))
 6 FCPATH\index.php(56): CodeIgniter\Boot::bootWeb(Object(Config\Paths))
WARNING - 2025-02-14 04:41:38 --> [DEPRECATED] Creation of dynamic property App\Controllers\EventsController::$eventLevelsModel is deprecated in APPPATH\Controllers\EventsController.php on line 29.
 1 SYSTEMPATH\CodeIgniter.php(903): App\Controllers\EventsController->__construct()
 2 SYSTEMPATH\CodeIgniter.php(500): CodeIgniter\CodeIgniter->createController()
 3 SYSTEMPATH\CodeIgniter.php(355): CodeIgniter\CodeIgniter->handleRequest(null, Object(Config\Cache), false)
 4 SYSTEMPATH\Boot.php(325): CodeIgniter\CodeIgniter->run()
 5 SYSTEMPATH\Boot.php(67): CodeIgniter\Boot::runCodeIgniter(Object(CodeIgniter\CodeIgniter))
 6 FCPATH\index.php(56): CodeIgniter\Boot::bootWeb(Object(Config\Paths))
WARNING - 2025-02-14 04:41:39 --> [DEPRECATED] Creation of dynamic property App\Controllers\EventsController::$eventLevelsModel is deprecated in APPPATH\Controllers\EventsController.php on line 29.
 1 SYSTEMPATH\CodeIgniter.php(903): App\Controllers\EventsController->__construct()
 2 SYSTEMPATH\CodeIgniter.php(500): CodeIgniter\CodeIgniter->createController()
 3 SYSTEMPATH\CodeIgniter.php(355): CodeIgniter\CodeIgniter->handleRequest(null, Object(Config\Cache), false)
 4 SYSTEMPATH\Boot.php(325): CodeIgniter\CodeIgniter->run()
 5 SYSTEMPATH\Boot.php(67): CodeIgniter\Boot::runCodeIgniter(Object(CodeIgniter\CodeIgniter))
 6 FCPATH\index.php(56): CodeIgniter\Boot::bootWeb(Object(Config\Paths))
WARNING - 2025-02-14 04:41:42 --> [DEPRECATED] Creation of dynamic property App\Controllers\EventsController::$eventLevelsModel is deprecated in APPPATH\Controllers\EventsController.php on line 29.
 1 SYSTEMPATH\CodeIgniter.php(903): App\Controllers\EventsController->__construct()
 2 SYSTEMPATH\CodeIgniter.php(500): CodeIgniter\CodeIgniter->createController()
 3 SYSTEMPATH\CodeIgniter.php(355): CodeIgniter\CodeIgniter->handleRequest(null, Object(Config\Cache), false)
 4 SYSTEMPATH\Boot.php(325): CodeIgniter\CodeIgniter->run()
 5 SYSTEMPATH\Boot.php(67): CodeIgniter\Boot::runCodeIgniter(Object(CodeIgniter\CodeIgniter))
 6 FCPATH\index.php(56): CodeIgniter\Boot::bootWeb(Object(Config\Paths))
WARNING - 2025-02-14 04:41:43 --> [DEPRECATED] Creation of dynamic property App\Controllers\EventsController::$eventLevelsModel is deprecated in APPPATH\Controllers\EventsController.php on line 29.
 1 SYSTEMPATH\CodeIgniter.php(903): App\Controllers\EventsController->__construct()
 2 SYSTEMPATH\CodeIgniter.php(500): CodeIgniter\CodeIgniter->createController()
 3 SYSTEMPATH\CodeIgniter.php(355): CodeIgniter\CodeIgniter->handleRequest(null, Object(Config\Cache), false)
 4 SYSTEMPATH\Boot.php(325): CodeIgniter\CodeIgniter->run()
 5 SYSTEMPATH\Boot.php(67): CodeIgniter\Boot::runCodeIgniter(Object(CodeIgniter\CodeIgniter))
 6 FCPATH\index.php(56): CodeIgniter\Boot::bootWeb(Object(Config\Paths))
WARNING - 2025-02-14 04:49:28 --> [DEPRECATED] Creation of dynamic property App\Controllers\EventsController::$eventLevelsModel is deprecated in APPPATH\Controllers\EventsController.php on line 29.
 1 SYSTEMPATH\CodeIgniter.php(903): App\Controllers\EventsController->__construct()
 2 SYSTEMPATH\CodeIgniter.php(500): CodeIgniter\CodeIgniter->createController()
 3 SYSTEMPATH\CodeIgniter.php(355): CodeIgniter\CodeIgniter->handleRequest(null, Object(Config\Cache), false)
 4 SYSTEMPATH\Boot.php(325): CodeIgniter\CodeIgniter->run()
 5 SYSTEMPATH\Boot.php(67): CodeIgniter\Boot::runCodeIgniter(Object(CodeIgniter\CodeIgniter))
 6 FCPATH\index.php(56): CodeIgniter\Boot::bootWeb(Object(Config\Paths))
WARNING - 2025-02-14 04:49:29 --> [DEPRECATED] Creation of dynamic property App\Controllers\EventsController::$eventLevelsModel is deprecated in APPPATH\Controllers\EventsController.php on line 29.
 1 SYSTEMPATH\CodeIgniter.php(903): App\Controllers\EventsController->__construct()
 2 SYSTEMPATH\CodeIgniter.php(500): CodeIgniter\CodeIgniter->createController()
 3 SYSTEMPATH\CodeIgniter.php(355): CodeIgniter\CodeIgniter->handleRequest(null, Object(Config\Cache), false)
 4 SYSTEMPATH\Boot.php(325): CodeIgniter\CodeIgniter->run()
 5 SYSTEMPATH\Boot.php(67): CodeIgniter\Boot::runCodeIgniter(Object(CodeIgniter\CodeIgniter))
 6 FCPATH\index.php(56): CodeIgniter\Boot::bootWeb(Object(Config\Paths))
WARNING - 2025-02-14 04:53:37 --> [DEPRECATED] Creation of dynamic property App\Controllers\EventsController::$eventLevelsModel is deprecated in APPPATH\Controllers\EventsController.php on line 29.
 1 SYSTEMPATH\CodeIgniter.php(903): App\Controllers\EventsController->__construct()
 2 SYSTEMPATH\CodeIgniter.php(500): CodeIgniter\CodeIgniter->createController()
 3 SYSTEMPATH\CodeIgniter.php(355): CodeIgniter\CodeIgniter->handleRequest(null, Object(Config\Cache), false)
 4 SYSTEMPATH\Boot.php(325): CodeIgniter\CodeIgniter->run()
 5 SYSTEMPATH\Boot.php(67): CodeIgniter\Boot::runCodeIgniter(Object(CodeIgniter\CodeIgniter))
 6 FCPATH\index.php(56): CodeIgniter\Boot::bootWeb(Object(Config\Paths))
WARNING - 2025-02-14 04:53:38 --> [DEPRECATED] Creation of dynamic property App\Controllers\EventsController::$eventLevelsModel is deprecated in APPPATH\Controllers\EventsController.php on line 29.
 1 SYSTEMPATH\CodeIgniter.php(903): App\Controllers\EventsController->__construct()
 2 SYSTEMPATH\CodeIgniter.php(500): CodeIgniter\CodeIgniter->createController()
 3 SYSTEMPATH\CodeIgniter.php(355): CodeIgniter\CodeIgniter->handleRequest(null, Object(Config\Cache), false)
 4 SYSTEMPATH\Boot.php(325): CodeIgniter\CodeIgniter->run()
 5 SYSTEMPATH\Boot.php(67): CodeIgniter\Boot::runCodeIgniter(Object(CodeIgniter\CodeIgniter))
 6 FCPATH\index.php(56): CodeIgniter\Boot::bootWeb(Object(Config\Paths))
WARNING - 2025-02-14 05:01:26 --> [DEPRECATED] Creation of dynamic property App\Controllers\EventsController::$eventLevelsModel is deprecated in APPPATH\Controllers\EventsController.php on line 29.
 1 SYSTEMPATH\CodeIgniter.php(903): App\Controllers\EventsController->__construct()
 2 SYSTEMPATH\CodeIgniter.php(500): CodeIgniter\CodeIgniter->createController()
 3 SYSTEMPATH\CodeIgniter.php(355): CodeIgniter\CodeIgniter->handleRequest(null, Object(Config\Cache), false)
 4 SYSTEMPATH\Boot.php(325): CodeIgniter\CodeIgniter->run()
 5 SYSTEMPATH\Boot.php(67): CodeIgniter\Boot::runCodeIgniter(Object(CodeIgniter\CodeIgniter))
 6 FCPATH\index.php(56): CodeIgniter\Boot::bootWeb(Object(Config\Paths))
WARNING - 2025-02-14 05:01:26 --> [DEPRECATED] Creation of dynamic property App\Controllers\EventsController::$eventLevelsModel is deprecated in APPPATH\Controllers\EventsController.php on line 29.
 1 SYSTEMPATH\CodeIgniter.php(903): App\Controllers\EventsController->__construct()
 2 SYSTEMPATH\CodeIgniter.php(500): CodeIgniter\CodeIgniter->createController()
 3 SYSTEMPATH\CodeIgniter.php(355): CodeIgniter\CodeIgniter->handleRequest(null, Object(Config\Cache), false)
 4 SYSTEMPATH\Boot.php(325): CodeIgniter\CodeIgniter->run()
 5 SYSTEMPATH\Boot.php(67): CodeIgniter\Boot::runCodeIgniter(Object(CodeIgniter\CodeIgniter))
 6 FCPATH\index.php(56): CodeIgniter\Boot::bootWeb(Object(Config\Paths))
WARNING - 2025-02-14 05:01:29 --> [DEPRECATED] Creation of dynamic property App\Controllers\EventsController::$eventLevelsModel is deprecated in APPPATH\Controllers\EventsController.php on line 29.
 1 SYSTEMPATH\CodeIgniter.php(903): App\Controllers\EventsController->__construct()
 2 SYSTEMPATH\CodeIgniter.php(500): CodeIgniter\CodeIgniter->createController()
 3 SYSTEMPATH\CodeIgniter.php(355): CodeIgniter\CodeIgniter->handleRequest(null, Object(Config\Cache), false)
 4 SYSTEMPATH\Boot.php(325): CodeIgniter\CodeIgniter->run()
 5 SYSTEMPATH\Boot.php(67): CodeIgniter\Boot::runCodeIgniter(Object(CodeIgniter\CodeIgniter))
 6 FCPATH\index.php(56): CodeIgniter\Boot::bootWeb(Object(Config\Paths))
WARNING - 2025-02-14 05:01:30 --> [DEPRECATED] Creation of dynamic property App\Controllers\EventsController::$eventLevelsModel is deprecated in APPPATH\Controllers\EventsController.php on line 29.
 1 SYSTEMPATH\CodeIgniter.php(903): App\Controllers\EventsController->__construct()
 2 SYSTEMPATH\CodeIgniter.php(500): CodeIgniter\CodeIgniter->createController()
 3 SYSTEMPATH\CodeIgniter.php(355): CodeIgniter\CodeIgniter->handleRequest(null, Object(Config\Cache), false)
 4 SYSTEMPATH\Boot.php(325): CodeIgniter\CodeIgniter->run()
 5 SYSTEMPATH\Boot.php(67): CodeIgniter\Boot::runCodeIgniter(Object(CodeIgniter\CodeIgniter))
 6 FCPATH\index.php(56): CodeIgniter\Boot::bootWeb(Object(Config\Paths))
WARNING - 2025-02-14 05:41:55 --> [DEPRECATED] Creation of dynamic property App\Controllers\EventsController::$eventLevelsModel is deprecated in APPPATH\Controllers\EventsController.php on line 29.
 1 SYSTEMPATH\CodeIgniter.php(903): App\Controllers\EventsController->__construct()
 2 SYSTEMPATH\CodeIgniter.php(500): CodeIgniter\CodeIgniter->createController()
 3 SYSTEMPATH\CodeIgniter.php(355): CodeIgniter\CodeIgniter->handleRequest(null, Object(Config\Cache), false)
 4 SYSTEMPATH\Boot.php(325): CodeIgniter\CodeIgniter->run()
 5 SYSTEMPATH\Boot.php(67): CodeIgniter\Boot::runCodeIgniter(Object(CodeIgniter\CodeIgniter))
 6 FCPATH\index.php(56): CodeIgniter\Boot::bootWeb(Object(Config\Paths))
WARNING - 2025-02-14 05:41:55 --> [DEPRECATED] Creation of dynamic property App\Controllers\EventsController::$eventLevelsModel is deprecated in APPPATH\Controllers\EventsController.php on line 29.
 1 SYSTEMPATH\CodeIgniter.php(903): App\Controllers\EventsController->__construct()
 2 SYSTEMPATH\CodeIgniter.php(500): CodeIgniter\CodeIgniter->createController()
 3 SYSTEMPATH\CodeIgniter.php(355): CodeIgniter\CodeIgniter->handleRequest(null, Object(Config\Cache), false)
 4 SYSTEMPATH\Boot.php(325): CodeIgniter\CodeIgniter->run()
 5 SYSTEMPATH\Boot.php(67): CodeIgniter\Boot::runCodeIgniter(Object(CodeIgniter\CodeIgniter))
 6 FCPATH\index.php(56): CodeIgniter\Boot::bootWeb(Object(Config\Paths))
WARNING - 2025-02-14 05:43:06 --> [DEPRECATED] Creation of dynamic property App\Controllers\EventsController::$eventLevelsModel is deprecated in APPPATH\Controllers\EventsController.php on line 29.
 1 SYSTEMPATH\CodeIgniter.php(903): App\Controllers\EventsController->__construct()
 2 SYSTEMPATH\CodeIgniter.php(500): CodeIgniter\CodeIgniter->createController()
 3 SYSTEMPATH\CodeIgniter.php(355): CodeIgniter\CodeIgniter->handleRequest(null, Object(Config\Cache), false)
 4 SYSTEMPATH\Boot.php(325): CodeIgniter\CodeIgniter->run()
 5 SYSTEMPATH\Boot.php(67): CodeIgniter\Boot::runCodeIgniter(Object(CodeIgniter\CodeIgniter))
 6 FCPATH\index.php(56): CodeIgniter\Boot::bootWeb(Object(Config\Paths))
WARNING - 2025-02-14 05:43:07 --> [DEPRECATED] Creation of dynamic property App\Controllers\EventsController::$eventLevelsModel is deprecated in APPPATH\Controllers\EventsController.php on line 29.
 1 SYSTEMPATH\CodeIgniter.php(903): App\Controllers\EventsController->__construct()
 2 SYSTEMPATH\CodeIgniter.php(500): CodeIgniter\CodeIgniter->createController()
 3 SYSTEMPATH\CodeIgniter.php(355): CodeIgniter\CodeIgniter->handleRequest(null, Object(Config\Cache), false)
 4 SYSTEMPATH\Boot.php(325): CodeIgniter\CodeIgniter->run()
 5 SYSTEMPATH\Boot.php(67): CodeIgniter\Boot::runCodeIgniter(Object(CodeIgniter\CodeIgniter))
 6 FCPATH\index.php(56): CodeIgniter\Boot::bootWeb(Object(Config\Paths))
WARNING - 2025-02-14 05:51:31 --> [DEPRECATED] Creation of dynamic property App\Controllers\EventsController::$eventLevelsModel is deprecated in APPPATH\Controllers\EventsController.php on line 29.
 1 SYSTEMPATH\CodeIgniter.php(903): App\Controllers\EventsController->__construct()
 2 SYSTEMPATH\CodeIgniter.php(500): CodeIgniter\CodeIgniter->createController()
 3 SYSTEMPATH\CodeIgniter.php(355): CodeIgniter\CodeIgniter->handleRequest(null, Object(Config\Cache), false)
 4 SYSTEMPATH\Boot.php(325): CodeIgniter\CodeIgniter->run()
 5 SYSTEMPATH\Boot.php(67): CodeIgniter\Boot::runCodeIgniter(Object(CodeIgniter\CodeIgniter))
 6 FCPATH\index.php(56): CodeIgniter\Boot::bootWeb(Object(Config\Paths))
WARNING - 2025-02-14 05:51:31 --> [DEPRECATED] Creation of dynamic property App\Controllers\EventsController::$eventLevelsModel is deprecated in APPPATH\Controllers\EventsController.php on line 29.
 1 SYSTEMPATH\CodeIgniter.php(903): App\Controllers\EventsController->__construct()
 2 SYSTEMPATH\CodeIgniter.php(500): CodeIgniter\CodeIgniter->createController()
 3 SYSTEMPATH\CodeIgniter.php(355): CodeIgniter\CodeIgniter->handleRequest(null, Object(Config\Cache), false)
 4 SYSTEMPATH\Boot.php(325): CodeIgniter\CodeIgniter->run()
 5 SYSTEMPATH\Boot.php(67): CodeIgniter\Boot::runCodeIgniter(Object(CodeIgniter\CodeIgniter))
 6 FCPATH\index.php(56): CodeIgniter\Boot::bootWeb(Object(Config\Paths))
INFO - 2025-02-14 05:53:19 --> Before checkAuth Cookies after setting: {"session_id":"29a3b96cc9b3066f6ef716547de85bf29e97c9653bb901aa9c794bff8496b84e"}
INFO - 2025-02-14 05:53:19 --> Before checkAuth Cookies after setting: {"session_id":"29a3b96cc9b3066f6ef716547de85bf29e97c9653bb901aa9c794bff8496b84e"}
INFO - 2025-02-14 05:53:21 --> Before checkAuth Cookies after setting: {"session_id":"29a3b96cc9b3066f6ef716547de85bf29e97c9653bb901aa9c794bff8496b84e"}
INFO - 2025-02-14 05:53:21 --> Before checkAuth Cookies after setting: {"session_id":"29a3b96cc9b3066f6ef716547de85bf29e97c9653bb901aa9c794bff8496b84e"}
INFO - 2025-02-14 05:56:11 --> Before checkAuth Cookies after setting: {"session_id":"29a3b96cc9b3066f6ef716547de85bf29e97c9653bb901aa9c794bff8496b84e"}
INFO - 2025-02-14 05:56:11 --> Before checkAuth Cookies after setting: {"session_id":"29a3b96cc9b3066f6ef716547de85bf29e97c9653bb901aa9c794bff8496b84e"}
INFO - 2025-02-14 05:56:49 --> Before checkAuth Cookies after setting: {"session_id":"29a3b96cc9b3066f6ef716547de85bf29e97c9653bb901aa9c794bff8496b84e"}
INFO - 2025-02-14 05:56:49 --> Before checkAuth Cookies after setting: {"session_id":"29a3b96cc9b3066f6ef716547de85bf29e97c9653bb901aa9c794bff8496b84e"}
INFO - 2025-02-14 05:56:50 --> Before checkAuth Cookies after setting: {"session_id":"29a3b96cc9b3066f6ef716547de85bf29e97c9653bb901aa9c794bff8496b84e"}
WARNING - 2025-02-14 05:57:20 --> [DEPRECATED] Creation of dynamic property App\Controllers\TeachersController::$teachersModel is deprecated in APPPATH\Controllers\TeachersController.php on line 13.
 1 SYSTEMPATH\CodeIgniter.php(903): App\Controllers\TeachersController->__construct()
 2 SYSTEMPATH\CodeIgniter.php(500): CodeIgniter\CodeIgniter->createController()
 3 SYSTEMPATH\CodeIgniter.php(355): CodeIgniter\CodeIgniter->handleRequest(null, Object(Config\Cache), false)
 4 SYSTEMPATH\Boot.php(325): CodeIgniter\CodeIgniter->run()
 5 SYSTEMPATH\Boot.php(67): CodeIgniter\Boot::runCodeIgniter(Object(CodeIgniter\CodeIgniter))
 6 FCPATH\index.php(56): CodeIgniter\Boot::bootWeb(Object(Config\Paths))
WARNING - 2025-02-14 05:57:20 --> [DEPRECATED] Creation of dynamic property App\Controllers\TeachersController::$teachersModel is deprecated in APPPATH\Controllers\TeachersController.php on line 13.
 1 SYSTEMPATH\CodeIgniter.php(903): App\Controllers\TeachersController->__construct()
 2 SYSTEMPATH\CodeIgniter.php(500): CodeIgniter\CodeIgniter->createController()
 3 SYSTEMPATH\CodeIgniter.php(355): CodeIgniter\CodeIgniter->handleRequest(null, Object(Config\Cache), false)
 4 SYSTEMPATH\Boot.php(325): CodeIgniter\CodeIgniter->run()
 5 SYSTEMPATH\Boot.php(67): CodeIgniter\Boot::runCodeIgniter(Object(CodeIgniter\CodeIgniter))
 6 FCPATH\index.php(56): CodeIgniter\Boot::bootWeb(Object(Config\Paths))
INFO - 2025-02-14 05:57:23 --> Before checkAuth Cookies after setting: {"session_id":"29a3b96cc9b3066f6ef716547de85bf29e97c9653bb901aa9c794bff8496b84e"}
INFO - 2025-02-14 05:57:23 --> Before checkAuth Cookies after setting: {"session_id":"29a3b96cc9b3066f6ef716547de85bf29e97c9653bb901aa9c794bff8496b84e"}
WARNING - 2025-02-14 05:57:23 --> [DEPRECATED] Creation of dynamic property App\Controllers\EventsController::$eventLevelsModel is deprecated in APPPATH\Controllers\EventsController.php on line 29.
 1 SYSTEMPATH\CodeIgniter.php(903): App\Controllers\EventsController->__construct()
 2 SYSTEMPATH\CodeIgniter.php(500): CodeIgniter\CodeIgniter->createController()
 3 SYSTEMPATH\CodeIgniter.php(355): CodeIgniter\CodeIgniter->handleRequest(null, Object(Config\Cache), false)
 4 SYSTEMPATH\Boot.php(325): CodeIgniter\CodeIgniter->run()
 5 SYSTEMPATH\Boot.php(67): CodeIgniter\Boot::runCodeIgniter(Object(CodeIgniter\CodeIgniter))
 6 FCPATH\index.php(56): CodeIgniter\Boot::bootWeb(Object(Config\Paths))
INFO - 2025-02-14 05:57:23 --> Before checkAuth Cookies after setting: {"session_id":"29a3b96cc9b3066f6ef716547de85bf29e97c9653bb901aa9c794bff8496b84e"}
WARNING - 2025-02-14 05:57:24 --> [DEPRECATED] Creation of dynamic property App\Controllers\EventsController::$eventLevelsModel is deprecated in APPPATH\Controllers\EventsController.php on line 29.
 1 SYSTEMPATH\CodeIgniter.php(903): App\Controllers\EventsController->__construct()
 2 SYSTEMPATH\CodeIgniter.php(500): CodeIgniter\CodeIgniter->createController()
 3 SYSTEMPATH\CodeIgniter.php(355): CodeIgniter\CodeIgniter->handleRequest(null, Object(Config\Cache), false)
 4 SYSTEMPATH\Boot.php(325): CodeIgniter\CodeIgniter->run()
 5 SYSTEMPATH\Boot.php(67): CodeIgniter\Boot::runCodeIgniter(Object(CodeIgniter\CodeIgniter))
 6 FCPATH\index.php(56): CodeIgniter\Boot::bootWeb(Object(Config\Paths))
INFO - 2025-02-14 05:57:44 --> Before checkAuth Cookies after setting: {"session_id":"33971dcd5ff0626c1db2843278d76e115a3470d5796dd5f7f5a6fc24df13b825"}
INFO - 2025-02-14 05:57:44 --> Before checkAuth Cookies after setting: {"session_id":"33971dcd5ff0626c1db2843278d76e115a3470d5796dd5f7f5a6fc24df13b825"}
INFO - 2025-02-14 05:57:46 --> Before checkAuth Cookies after setting: {"session_id":"33971dcd5ff0626c1db2843278d76e115a3470d5796dd5f7f5a6fc24df13b825"}
INFO - 2025-02-14 05:57:46 --> Before checkAuth Cookies after setting: {"session_id":"33971dcd5ff0626c1db2843278d76e115a3470d5796dd5f7f5a6fc24df13b825"}
INFO - 2025-02-14 06:01:32 --> Before checkAuth Cookies after setting: {"session_id":"33971dcd5ff0626c1db2843278d76e115a3470d5796dd5f7f5a6fc24df13b825"}
INFO - 2025-02-14 06:01:32 --> Before checkAuth Cookies after setting: {"session_id":"33971dcd5ff0626c1db2843278d76e115a3470d5796dd5f7f5a6fc24df13b825"}
INFO - 2025-02-14 06:01:32 --> Before checkAuth Cookies after setting: {"session_id":"33971dcd5ff0626c1db2843278d76e115a3470d5796dd5f7f5a6fc24df13b825"}
WARNING - 2025-02-14 06:07:01 --> [DEPRECATED] Creation of dynamic property App\Controllers\TeachersController::$teachersModel is deprecated in APPPATH\Controllers\TeachersController.php on line 13.
 1 SYSTEMPATH\CodeIgniter.php(903): App\Controllers\TeachersController->__construct()
 2 SYSTEMPATH\CodeIgniter.php(500): CodeIgniter\CodeIgniter->createController()
 3 SYSTEMPATH\CodeIgniter.php(355): CodeIgniter\CodeIgniter->handleRequest(null, Object(Config\Cache), false)
 4 SYSTEMPATH\Boot.php(325): CodeIgniter\CodeIgniter->run()
 5 SYSTEMPATH\Boot.php(67): CodeIgniter\Boot::runCodeIgniter(Object(CodeIgniter\CodeIgniter))
 6 FCPATH\index.php(56): CodeIgniter\Boot::bootWeb(Object(Config\Paths))
WARNING - 2025-02-14 06:07:01 --> [DEPRECATED] Creation of dynamic property App\Controllers\TeachersController::$teachersModel is deprecated in APPPATH\Controllers\TeachersController.php on line 13.
 1 SYSTEMPATH\CodeIgniter.php(903): App\Controllers\TeachersController->__construct()
 2 SYSTEMPATH\CodeIgniter.php(500): CodeIgniter\CodeIgniter->createController()
 3 SYSTEMPATH\CodeIgniter.php(355): CodeIgniter\CodeIgniter->handleRequest(null, Object(Config\Cache), false)
 4 SYSTEMPATH\Boot.php(325): CodeIgniter\CodeIgniter->run()
 5 SYSTEMPATH\Boot.php(67): CodeIgniter\Boot::runCodeIgniter(Object(CodeIgniter\CodeIgniter))
 6 FCPATH\index.php(56): CodeIgniter\Boot::bootWeb(Object(Config\Paths))
INFO - 2025-02-14 06:11:33 --> Before checkAuth Cookies after setting: {"session_id":"33971dcd5ff0626c1db2843278d76e115a3470d5796dd5f7f5a6fc24df13b825"}
INFO - 2025-02-14 06:11:56 --> Before checkAuth Cookies after setting: {"session_id":"33971dcd5ff0626c1db2843278d76e115a3470d5796dd5f7f5a6fc24df13b825"}
INFO - 2025-02-14 06:11:56 --> Before checkAuth Cookies after setting: {"session_id":"33971dcd5ff0626c1db2843278d76e115a3470d5796dd5f7f5a6fc24df13b825"}
INFO - 2025-02-14 06:11:56 --> Before checkAuth Cookies after setting: {"session_id":"33971dcd5ff0626c1db2843278d76e115a3470d5796dd5f7f5a6fc24df13b825"}
INFO - 2025-02-14 06:15:53 --> Before checkAuth Cookies after setting: {"session_id":"33971dcd5ff0626c1db2843278d76e115a3470d5796dd5f7f5a6fc24df13b825"}
INFO - 2025-02-14 06:15:53 --> Before checkAuth Cookies after setting: {"session_id":"33971dcd5ff0626c1db2843278d76e115a3470d5796dd5f7f5a6fc24df13b825"}
INFO - 2025-02-14 06:15:53 --> Before checkAuth Cookies after setting: {"session_id":"33971dcd5ff0626c1db2843278d76e115a3470d5796dd5f7f5a6fc24df13b825"}
INFO - 2025-02-14 06:23:00 --> Before checkAuth Cookies after setting: {"session_id":"33971dcd5ff0626c1db2843278d76e115a3470d5796dd5f7f5a6fc24df13b825"}
INFO - 2025-02-14 06:23:00 --> Before checkAuth Cookies after setting: {"session_id":"33971dcd5ff0626c1db2843278d76e115a3470d5796dd5f7f5a6fc24df13b825"}
INFO - 2025-02-14 06:23:00 --> Before checkAuth Cookies after setting: {"session_id":"33971dcd5ff0626c1db2843278d76e115a3470d5796dd5f7f5a6fc24df13b825"}
INFO - 2025-02-14 06:23:25 --> Before checkAuth Cookies after setting: {"session_id":"33971dcd5ff0626c1db2843278d76e115a3470d5796dd5f7f5a6fc24df13b825"}
INFO - 2025-02-14 06:23:25 --> Before checkAuth Cookies after setting: {"session_id":"33971dcd5ff0626c1db2843278d76e115a3470d5796dd5f7f5a6fc24df13b825"}
INFO - 2025-02-14 06:23:25 --> Before checkAuth Cookies after setting: {"session_id":"33971dcd5ff0626c1db2843278d76e115a3470d5796dd5f7f5a6fc24df13b825"}
INFO - 2025-02-14 06:26:29 --> Before checkAuth Cookies after setting: {"session_id":"33971dcd5ff0626c1db2843278d76e115a3470d5796dd5f7f5a6fc24df13b825"}
INFO - 2025-02-14 06:26:29 --> Before checkAuth Cookies after setting: {"session_id":"33971dcd5ff0626c1db2843278d76e115a3470d5796dd5f7f5a6fc24df13b825"}
INFO - 2025-02-14 06:26:29 --> Before checkAuth Cookies after setting: {"session_id":"33971dcd5ff0626c1db2843278d76e115a3470d5796dd5f7f5a6fc24df13b825"}
WARNING - 2025-02-14 06:30:14 --> [DEPRECATED] Creation of dynamic property App\Controllers\EventsController::$eventLevelsModel is deprecated in APPPATH\Controllers\EventsController.php on line 29.
 1 SYSTEMPATH\CodeIgniter.php(903): App\Controllers\EventsController->__construct()
 2 SYSTEMPATH\CodeIgniter.php(500): CodeIgniter\CodeIgniter->createController()
 3 SYSTEMPATH\CodeIgniter.php(355): CodeIgniter\CodeIgniter->handleRequest(null, Object(Config\Cache), false)
 4 SYSTEMPATH\Boot.php(325): CodeIgniter\CodeIgniter->run()
 5 SYSTEMPATH\Boot.php(67): CodeIgniter\Boot::runCodeIgniter(Object(CodeIgniter\CodeIgniter))
 6 FCPATH\index.php(56): CodeIgniter\Boot::bootWeb(Object(Config\Paths))
WARNING - 2025-02-14 06:30:14 --> [DEPRECATED] Creation of dynamic property App\Controllers\EventsController::$eventLevelsModel is deprecated in APPPATH\Controllers\EventsController.php on line 29.
 1 SYSTEMPATH\CodeIgniter.php(903): App\Controllers\EventsController->__construct()
 2 SYSTEMPATH\CodeIgniter.php(500): CodeIgniter\CodeIgniter->createController()
 3 SYSTEMPATH\CodeIgniter.php(355): CodeIgniter\CodeIgniter->handleRequest(null, Object(Config\Cache), false)
 4 SYSTEMPATH\Boot.php(325): CodeIgniter\CodeIgniter->run()
 5 SYSTEMPATH\Boot.php(67): CodeIgniter\Boot::runCodeIgniter(Object(CodeIgniter\CodeIgniter))
 6 FCPATH\index.php(56): CodeIgniter\Boot::bootWeb(Object(Config\Paths))
WARNING - 2025-02-14 06:30:14 --> [DEPRECATED] Creation of dynamic property App\Controllers\EventsController::$eventLevelsModel is deprecated in APPPATH\Controllers\EventsController.php on line 29.
 1 SYSTEMPATH\CodeIgniter.php(903): App\Controllers\EventsController->__construct()
 2 SYSTEMPATH\CodeIgniter.php(500): CodeIgniter\CodeIgniter->createController()
 3 SYSTEMPATH\CodeIgniter.php(355): CodeIgniter\CodeIgniter->handleRequest(null, Object(Config\Cache), false)
 4 SYSTEMPATH\Boot.php(325): CodeIgniter\CodeIgniter->run()
 5 SYSTEMPATH\Boot.php(67): CodeIgniter\Boot::runCodeIgniter(Object(CodeIgniter\CodeIgniter))
 6 FCPATH\index.php(56): CodeIgniter\Boot::bootWeb(Object(Config\Paths))
WARNING - 2025-02-14 06:30:14 --> [DEPRECATED] Creation of dynamic property App\Controllers\EventsController::$eventLevelsModel is deprecated in APPPATH\Controllers\EventsController.php on line 29.
 1 SYSTEMPATH\CodeIgniter.php(903): App\Controllers\EventsController->__construct()
 2 SYSTEMPATH\CodeIgniter.php(500): CodeIgniter\CodeIgniter->createController()
 3 SYSTEMPATH\CodeIgniter.php(355): CodeIgniter\CodeIgniter->handleRequest(null, Object(Config\Cache), false)
 4 SYSTEMPATH\Boot.php(325): CodeIgniter\CodeIgniter->run()
 5 SYSTEMPATH\Boot.php(67): CodeIgniter\Boot::runCodeIgniter(Object(CodeIgniter\CodeIgniter))
 6 FCPATH\index.php(56): CodeIgniter\Boot::bootWeb(Object(Config\Paths))
WARNING - 2025-02-14 06:30:14 --> [DEPRECATED] Creation of dynamic property App\Controllers\EventsController::$eventLevelsModel is deprecated in APPPATH\Controllers\EventsController.php on line 29.
 1 SYSTEMPATH\CodeIgniter.php(903): App\Controllers\EventsController->__construct()
 2 SYSTEMPATH\CodeIgniter.php(500): CodeIgniter\CodeIgniter->createController()
 3 SYSTEMPATH\CodeIgniter.php(355): CodeIgniter\CodeIgniter->handleRequest(null, Object(Config\Cache), false)
 4 SYSTEMPATH\Boot.php(325): CodeIgniter\CodeIgniter->run()
 5 SYSTEMPATH\Boot.php(67): CodeIgniter\Boot::runCodeIgniter(Object(CodeIgniter\CodeIgniter))
 6 FCPATH\index.php(56): CodeIgniter\Boot::bootWeb(Object(Config\Paths))
WARNING - 2025-02-14 06:30:14 --> [DEPRECATED] Creation of dynamic property App\Controllers\EventsController::$eventLevelsModel is deprecated in APPPATH\Controllers\EventsController.php on line 29.
 1 SYSTEMPATH\CodeIgniter.php(903): App\Controllers\EventsController->__construct()
 2 SYSTEMPATH\CodeIgniter.php(500): CodeIgniter\CodeIgniter->createController()
 3 SYSTEMPATH\CodeIgniter.php(355): CodeIgniter\CodeIgniter->handleRequest(null, Object(Config\Cache), false)
 4 SYSTEMPATH\Boot.php(325): CodeIgniter\CodeIgniter->run()
 5 SYSTEMPATH\Boot.php(67): CodeIgniter\Boot::runCodeIgniter(Object(CodeIgniter\CodeIgniter))
 6 FCPATH\index.php(56): CodeIgniter\Boot::bootWeb(Object(Config\Paths))
WARNING - 2025-02-14 06:31:08 --> [DEPRECATED] Creation of dynamic property App\Controllers\EventsController::$eventLevelsModel is deprecated in APPPATH\Controllers\EventsController.php on line 29.
 1 SYSTEMPATH\CodeIgniter.php(903): App\Controllers\EventsController->__construct()
 2 SYSTEMPATH\CodeIgniter.php(500): CodeIgniter\CodeIgniter->createController()
 3 SYSTEMPATH\CodeIgniter.php(355): CodeIgniter\CodeIgniter->handleRequest(null, Object(Config\Cache), false)
 4 SYSTEMPATH\Boot.php(325): CodeIgniter\CodeIgniter->run()
 5 SYSTEMPATH\Boot.php(67): CodeIgniter\Boot::runCodeIgniter(Object(CodeIgniter\CodeIgniter))
 6 FCPATH\index.php(56): CodeIgniter\Boot::bootWeb(Object(Config\Paths))
WARNING - 2025-02-14 06:31:08 --> [DEPRECATED] Creation of dynamic property App\Controllers\EventsController::$eventLevelsModel is deprecated in APPPATH\Controllers\EventsController.php on line 29.
 1 SYSTEMPATH\CodeIgniter.php(903): App\Controllers\EventsController->__construct()
 2 SYSTEMPATH\CodeIgniter.php(500): CodeIgniter\CodeIgniter->createController()
 3 SYSTEMPATH\CodeIgniter.php(355): CodeIgniter\CodeIgniter->handleRequest(null, Object(Config\Cache), false)
 4 SYSTEMPATH\Boot.php(325): CodeIgniter\CodeIgniter->run()
 5 SYSTEMPATH\Boot.php(67): CodeIgniter\Boot::runCodeIgniter(Object(CodeIgniter\CodeIgniter))
 6 FCPATH\index.php(56): CodeIgniter\Boot::bootWeb(Object(Config\Paths))
WARNING - 2025-02-14 06:31:08 --> [DEPRECATED] Creation of dynamic property App\Controllers\EventsController::$eventLevelsModel is deprecated in APPPATH\Controllers\EventsController.php on line 29.
 1 SYSTEMPATH\CodeIgniter.php(903): App\Controllers\EventsController->__construct()
 2 SYSTEMPATH\CodeIgniter.php(500): CodeIgniter\CodeIgniter->createController()
 3 SYSTEMPATH\CodeIgniter.php(355): CodeIgniter\CodeIgniter->handleRequest(null, Object(Config\Cache), false)
 4 SYSTEMPATH\Boot.php(325): CodeIgniter\CodeIgniter->run()
 5 SYSTEMPATH\Boot.php(67): CodeIgniter\Boot::runCodeIgniter(Object(CodeIgniter\CodeIgniter))
 6 FCPATH\index.php(56): CodeIgniter\Boot::bootWeb(Object(Config\Paths))
WARNING - 2025-02-14 06:31:09 --> [DEPRECATED] Creation of dynamic property App\Controllers\EventsController::$eventLevelsModel is deprecated in APPPATH\Controllers\EventsController.php on line 29.
 1 SYSTEMPATH\CodeIgniter.php(903): App\Controllers\EventsController->__construct()
 2 SYSTEMPATH\CodeIgniter.php(500): CodeIgniter\CodeIgniter->createController()
 3 SYSTEMPATH\CodeIgniter.php(355): CodeIgniter\CodeIgniter->handleRequest(null, Object(Config\Cache), false)
 4 SYSTEMPATH\Boot.php(325): CodeIgniter\CodeIgniter->run()
 5 SYSTEMPATH\Boot.php(67): CodeIgniter\Boot::runCodeIgniter(Object(CodeIgniter\CodeIgniter))
 6 FCPATH\index.php(56): CodeIgniter\Boot::bootWeb(Object(Config\Paths))
WARNING - 2025-02-14 06:31:09 --> [DEPRECATED] Creation of dynamic property App\Controllers\EventsController::$eventLevelsModel is deprecated in APPPATH\Controllers\EventsController.php on line 29.
 1 SYSTEMPATH\CodeIgniter.php(903): App\Controllers\EventsController->__construct()
 2 SYSTEMPATH\CodeIgniter.php(500): CodeIgniter\CodeIgniter->createController()
 3 SYSTEMPATH\CodeIgniter.php(355): CodeIgniter\CodeIgniter->handleRequest(null, Object(Config\Cache), false)
 4 SYSTEMPATH\Boot.php(325): CodeIgniter\CodeIgniter->run()
 5 SYSTEMPATH\Boot.php(67): CodeIgniter\Boot::runCodeIgniter(Object(CodeIgniter\CodeIgniter))
 6 FCPATH\index.php(56): CodeIgniter\Boot::bootWeb(Object(Config\Paths))
WARNING - 2025-02-14 06:31:09 --> [DEPRECATED] Creation of dynamic property App\Controllers\EventsController::$eventLevelsModel is deprecated in APPPATH\Controllers\EventsController.php on line 29.
 1 SYSTEMPATH\CodeIgniter.php(903): App\Controllers\EventsController->__construct()
 2 SYSTEMPATH\CodeIgniter.php(500): CodeIgniter\CodeIgniter->createController()
 3 SYSTEMPATH\CodeIgniter.php(355): CodeIgniter\CodeIgniter->handleRequest(null, Object(Config\Cache), false)
 4 SYSTEMPATH\Boot.php(325): CodeIgniter\CodeIgniter->run()
 5 SYSTEMPATH\Boot.php(67): CodeIgniter\Boot::runCodeIgniter(Object(CodeIgniter\CodeIgniter))
 6 FCPATH\index.php(56): CodeIgniter\Boot::bootWeb(Object(Config\Paths))
INFO - 2025-02-14 06:32:04 --> Before checkAuth Cookies after setting: {"session_id":"33971dcd5ff0626c1db2843278d76e115a3470d5796dd5f7f5a6fc24df13b825"}
INFO - 2025-02-14 06:32:04 --> Before checkAuth Cookies after setting: {"session_id":"33971dcd5ff0626c1db2843278d76e115a3470d5796dd5f7f5a6fc24df13b825"}
INFO - 2025-02-14 06:32:04 --> Before checkAuth Cookies after setting: {"session_id":"33971dcd5ff0626c1db2843278d76e115a3470d5796dd5f7f5a6fc24df13b825"}
WARNING - 2025-02-14 06:35:04 --> [DEPRECATED] Creation of dynamic property App\Controllers\EventsController::$eventLevelsModel is deprecated in APPPATH\Controllers\EventsController.php on line 29.
 1 SYSTEMPATH\CodeIgniter.php(903): App\Controllers\EventsController->__construct()
 2 SYSTEMPATH\CodeIgniter.php(500): CodeIgniter\CodeIgniter->createController()
 3 SYSTEMPATH\CodeIgniter.php(355): CodeIgniter\CodeIgniter->handleRequest(null, Object(Config\Cache), false)
 4 SYSTEMPATH\Boot.php(325): CodeIgniter\CodeIgniter->run()
 5 SYSTEMPATH\Boot.php(67): CodeIgniter\Boot::runCodeIgniter(Object(CodeIgniter\CodeIgniter))
 6 FCPATH\index.php(56): CodeIgniter\Boot::bootWeb(Object(Config\Paths))
WARNING - 2025-02-14 06:35:04 --> [DEPRECATED] Creation of dynamic property App\Controllers\EventsController::$eventLevelsModel is deprecated in APPPATH\Controllers\EventsController.php on line 29.
 1 SYSTEMPATH\CodeIgniter.php(903): App\Controllers\EventsController->__construct()
 2 SYSTEMPATH\CodeIgniter.php(500): CodeIgniter\CodeIgniter->createController()
 3 SYSTEMPATH\CodeIgniter.php(355): CodeIgniter\CodeIgniter->handleRequest(null, Object(Config\Cache), false)
 4 SYSTEMPATH\Boot.php(325): CodeIgniter\CodeIgniter->run()
 5 SYSTEMPATH\Boot.php(67): CodeIgniter\Boot::runCodeIgniter(Object(CodeIgniter\CodeIgniter))
 6 FCPATH\index.php(56): CodeIgniter\Boot::bootWeb(Object(Config\Paths))
WARNING - 2025-02-14 06:35:04 --> [DEPRECATED] Creation of dynamic property App\Controllers\EventsController::$eventLevelsModel is deprecated in APPPATH\Controllers\EventsController.php on line 29.
 1 SYSTEMPATH\CodeIgniter.php(903): App\Controllers\EventsController->__construct()
 2 SYSTEMPATH\CodeIgniter.php(500): CodeIgniter\CodeIgniter->createController()
 3 SYSTEMPATH\CodeIgniter.php(355): CodeIgniter\CodeIgniter->handleRequest(null, Object(Config\Cache), false)
 4 SYSTEMPATH\Boot.php(325): CodeIgniter\CodeIgniter->run()
 5 SYSTEMPATH\Boot.php(67): CodeIgniter\Boot::runCodeIgniter(Object(CodeIgniter\CodeIgniter))
 6 FCPATH\index.php(56): CodeIgniter\Boot::bootWeb(Object(Config\Paths))
WARNING - 2025-02-14 06:35:05 --> [DEPRECATED] Creation of dynamic property App\Controllers\EventsController::$eventLevelsModel is deprecated in APPPATH\Controllers\EventsController.php on line 29.
 1 SYSTEMPATH\CodeIgniter.php(903): App\Controllers\EventsController->__construct()
 2 SYSTEMPATH\CodeIgniter.php(500): CodeIgniter\CodeIgniter->createController()
 3 SYSTEMPATH\CodeIgniter.php(355): CodeIgniter\CodeIgniter->handleRequest(null, Object(Config\Cache), false)
 4 SYSTEMPATH\Boot.php(325): CodeIgniter\CodeIgniter->run()
 5 SYSTEMPATH\Boot.php(67): CodeIgniter\Boot::runCodeIgniter(Object(CodeIgniter\CodeIgniter))
 6 FCPATH\index.php(56): CodeIgniter\Boot::bootWeb(Object(Config\Paths))
WARNING - 2025-02-14 06:35:05 --> [DEPRECATED] Creation of dynamic property App\Controllers\EventsController::$eventLevelsModel is deprecated in APPPATH\Controllers\EventsController.php on line 29.
 1 SYSTEMPATH\CodeIgniter.php(903): App\Controllers\EventsController->__construct()
 2 SYSTEMPATH\CodeIgniter.php(500): CodeIgniter\CodeIgniter->createController()
 3 SYSTEMPATH\CodeIgniter.php(355): CodeIgniter\CodeIgniter->handleRequest(null, Object(Config\Cache), false)
 4 SYSTEMPATH\Boot.php(325): CodeIgniter\CodeIgniter->run()
 5 SYSTEMPATH\Boot.php(67): CodeIgniter\Boot::runCodeIgniter(Object(CodeIgniter\CodeIgniter))
 6 FCPATH\index.php(56): CodeIgniter\Boot::bootWeb(Object(Config\Paths))
WARNING - 2025-02-14 06:35:05 --> [DEPRECATED] Creation of dynamic property App\Controllers\EventsController::$eventLevelsModel is deprecated in APPPATH\Controllers\EventsController.php on line 29.
 1 SYSTEMPATH\CodeIgniter.php(903): App\Controllers\EventsController->__construct()
 2 SYSTEMPATH\CodeIgniter.php(500): CodeIgniter\CodeIgniter->createController()
 3 SYSTEMPATH\CodeIgniter.php(355): CodeIgniter\CodeIgniter->handleRequest(null, Object(Config\Cache), false)
 4 SYSTEMPATH\Boot.php(325): CodeIgniter\CodeIgniter->run()
 5 SYSTEMPATH\Boot.php(67): CodeIgniter\Boot::runCodeIgniter(Object(CodeIgniter\CodeIgniter))
 6 FCPATH\index.php(56): CodeIgniter\Boot::bootWeb(Object(Config\Paths))
WARNING - 2025-02-14 06:36:58 --> [DEPRECATED] Creation of dynamic property App\Controllers\TeachersController::$teachersModel is deprecated in APPPATH\Controllers\TeachersController.php on line 13.
 1 SYSTEMPATH\CodeIgniter.php(903): App\Controllers\TeachersController->__construct()
 2 SYSTEMPATH\CodeIgniter.php(500): CodeIgniter\CodeIgniter->createController()
 3 SYSTEMPATH\CodeIgniter.php(355): CodeIgniter\CodeIgniter->handleRequest(null, Object(Config\Cache), false)
 4 SYSTEMPATH\Boot.php(325): CodeIgniter\CodeIgniter->run()
 5 SYSTEMPATH\Boot.php(67): CodeIgniter\Boot::runCodeIgniter(Object(CodeIgniter\CodeIgniter))
 6 FCPATH\index.php(56): CodeIgniter\Boot::bootWeb(Object(Config\Paths))
WARNING - 2025-02-14 06:36:59 --> [DEPRECATED] Creation of dynamic property App\Controllers\TeachersController::$teachersModel is deprecated in APPPATH\Controllers\TeachersController.php on line 13.
 1 SYSTEMPATH\CodeIgniter.php(903): App\Controllers\TeachersController->__construct()
 2 SYSTEMPATH\CodeIgniter.php(500): CodeIgniter\CodeIgniter->createController()
 3 SYSTEMPATH\CodeIgniter.php(355): CodeIgniter\CodeIgniter->handleRequest(null, Object(Config\Cache), false)
 4 SYSTEMPATH\Boot.php(325): CodeIgniter\CodeIgniter->run()
 5 SYSTEMPATH\Boot.php(67): CodeIgniter\Boot::runCodeIgniter(Object(CodeIgniter\CodeIgniter))
 6 FCPATH\index.php(56): CodeIgniter\Boot::bootWeb(Object(Config\Paths))
WARNING - 2025-02-14 06:41:14 --> [DEPRECATED] Creation of dynamic property App\Controllers\TeachersController::$teachersModel is deprecated in APPPATH\Controllers\TeachersController.php on line 13.
 1 SYSTEMPATH\CodeIgniter.php(903): App\Controllers\TeachersController->__construct()
 2 SYSTEMPATH\CodeIgniter.php(500): CodeIgniter\CodeIgniter->createController()
 3 SYSTEMPATH\CodeIgniter.php(355): CodeIgniter\CodeIgniter->handleRequest(null, Object(Config\Cache), false)
 4 SYSTEMPATH\Boot.php(325): CodeIgniter\CodeIgniter->run()
 5 SYSTEMPATH\Boot.php(67): CodeIgniter\Boot::runCodeIgniter(Object(CodeIgniter\CodeIgniter))
 6 FCPATH\index.php(56): CodeIgniter\Boot::bootWeb(Object(Config\Paths))
WARNING - 2025-02-14 06:41:14 --> [DEPRECATED] Creation of dynamic property App\Controllers\TeachersController::$teachersModel is deprecated in APPPATH\Controllers\TeachersController.php on line 13.
 1 SYSTEMPATH\CodeIgniter.php(903): App\Controllers\TeachersController->__construct()
 2 SYSTEMPATH\CodeIgniter.php(500): CodeIgniter\CodeIgniter->createController()
 3 SYSTEMPATH\CodeIgniter.php(355): CodeIgniter\CodeIgniter->handleRequest(null, Object(Config\Cache), false)
 4 SYSTEMPATH\Boot.php(325): CodeIgniter\CodeIgniter->run()
 5 SYSTEMPATH\Boot.php(67): CodeIgniter\Boot::runCodeIgniter(Object(CodeIgniter\CodeIgniter))
 6 FCPATH\index.php(56): CodeIgniter\Boot::bootWeb(Object(Config\Paths))
WARNING - 2025-02-14 06:41:45 --> [DEPRECATED] Creation of dynamic property App\Controllers\TeachersController::$teachersModel is deprecated in APPPATH\Controllers\TeachersController.php on line 13.
 1 SYSTEMPATH\CodeIgniter.php(903): App\Controllers\TeachersController->__construct()
 2 SYSTEMPATH\CodeIgniter.php(500): CodeIgniter\CodeIgniter->createController()
 3 SYSTEMPATH\CodeIgniter.php(355): CodeIgniter\CodeIgniter->handleRequest(null, Object(Config\Cache), false)
 4 SYSTEMPATH\Boot.php(325): CodeIgniter\CodeIgniter->run()
 5 SYSTEMPATH\Boot.php(67): CodeIgniter\Boot::runCodeIgniter(Object(CodeIgniter\CodeIgniter))
 6 FCPATH\index.php(56): CodeIgniter\Boot::bootWeb(Object(Config\Paths))
WARNING - 2025-02-14 06:41:46 --> [DEPRECATED] Creation of dynamic property App\Controllers\TeachersController::$teachersModel is deprecated in APPPATH\Controllers\TeachersController.php on line 13.
 1 SYSTEMPATH\CodeIgniter.php(903): App\Controllers\TeachersController->__construct()
 2 SYSTEMPATH\CodeIgniter.php(500): CodeIgniter\CodeIgniter->createController()
 3 SYSTEMPATH\CodeIgniter.php(355): CodeIgniter\CodeIgniter->handleRequest(null, Object(Config\Cache), false)
 4 SYSTEMPATH\Boot.php(325): CodeIgniter\CodeIgniter->run()
 5 SYSTEMPATH\Boot.php(67): CodeIgniter\Boot::runCodeIgniter(Object(CodeIgniter\CodeIgniter))
 6 FCPATH\index.php(56): CodeIgniter\Boot::bootWeb(Object(Config\Paths))
INFO - 2025-02-14 06:42:04 --> Before checkAuth Cookies after setting: {"session_id":"33971dcd5ff0626c1db2843278d76e115a3470d5796dd5f7f5a6fc24df13b825"}
WARNING - 2025-02-14 06:42:48 --> [DEPRECATED] Creation of dynamic property App\Controllers\TeachersController::$teachersModel is deprecated in APPPATH\Controllers\TeachersController.php on line 13.
 1 SYSTEMPATH\CodeIgniter.php(903): App\Controllers\TeachersController->__construct()
 2 SYSTEMPATH\CodeIgniter.php(500): CodeIgniter\CodeIgniter->createController()
 3 SYSTEMPATH\CodeIgniter.php(355): CodeIgniter\CodeIgniter->handleRequest(null, Object(Config\Cache), false)
 4 SYSTEMPATH\Boot.php(325): CodeIgniter\CodeIgniter->run()
 5 SYSTEMPATH\Boot.php(67): CodeIgniter\Boot::runCodeIgniter(Object(CodeIgniter\CodeIgniter))
 6 FCPATH\index.php(56): CodeIgniter\Boot::bootWeb(Object(Config\Paths))
WARNING - 2025-02-14 06:42:48 --> [DEPRECATED] Creation of dynamic property App\Controllers\TeachersController::$teachersModel is deprecated in APPPATH\Controllers\TeachersController.php on line 13.
 1 SYSTEMPATH\CodeIgniter.php(903): App\Controllers\TeachersController->__construct()
 2 SYSTEMPATH\CodeIgniter.php(500): CodeIgniter\CodeIgniter->createController()
 3 SYSTEMPATH\CodeIgniter.php(355): CodeIgniter\CodeIgniter->handleRequest(null, Object(Config\Cache), false)
 4 SYSTEMPATH\Boot.php(325): CodeIgniter\CodeIgniter->run()
 5 SYSTEMPATH\Boot.php(67): CodeIgniter\Boot::runCodeIgniter(Object(CodeIgniter\CodeIgniter))
 6 FCPATH\index.php(56): CodeIgniter\Boot::bootWeb(Object(Config\Paths))
