WARNING - 2025-02-05 09:01:37 --> [DEPRECATED] Creation of dynamic property App\Controllers\EventsController::$eventLevelsModel is deprecated in APPPATH\Controllers\EventsController.php on line 31.
 1 SYSTEMPATH\CodeIgniter.php(903): App\Controllers\EventsController->__construct()
 2 SYSTEMPATH\CodeIgniter.php(500): CodeIgniter\CodeIgniter->createController()
 3 SYSTEMPATH\CodeIgniter.php(355): CodeIgniter\CodeIgniter->handleRequest(null, Object(Config\Cache), false)
 4 SYSTEMPATH\Boot.php(325): CodeIgniter\CodeIgniter->run()
 5 SYSTEMPATH\Boot.php(67): CodeIgniter\Boot::runCodeIgniter(Object(CodeIgniter\CodeIgniter))
 6 FCPATH\index.php(56): CodeIgniter\Boot::bootWeb(Object(Config\Paths))
WARNING - 2025-02-05 09:05:47 --> [DEPRECATED] Creation of dynamic property App\Controllers\EventsController::$eventLevelsModel is deprecated in APPPATH\Controllers\EventsController.php on line 31.
 1 SYSTEMPATH\CodeIgniter.php(903): App\Controllers\EventsController->__construct()
 2 SYSTEMPATH\CodeIgniter.php(500): CodeIgniter\CodeIgniter->createController()
 3 SYSTEMPATH\CodeIgniter.php(355): CodeIgniter\CodeIgniter->handleRequest(null, Object(Config\Cache), false)
 4 SYSTEMPATH\Boot.php(325): CodeIgniter\CodeIgniter->run()
 5 SYSTEMPATH\Boot.php(67): CodeIgniter\Boot::runCodeIgniter(Object(CodeIgniter\CodeIgniter))
 6 FCPATH\index.php(56): CodeIgniter\Boot::bootWeb(Object(Config\Paths))
CRITICAL - 2025-02-05 09:05:52 --> Error: Call to undefined method App\Libraries\GoogleCalendarLib::getClient()
[Method: GET, Route: events/send]
in APPPATH\Controllers\EventsController.php on line 688.
 1 APPPATH\Controllers\EventsController.php(636): App\Controllers\EventsController->addEventToGoogleCalendar([...], 'student@example.com')
 2 SYSTEMPATH\CodeIgniter.php(933): App\Controllers\EventsController->sendEmailAndAddEvent()
 3 SYSTEMPATH\CodeIgniter.php(509): CodeIgniter\CodeIgniter->runController(Object(App\Controllers\EventsController))
 4 SYSTEMPATH\CodeIgniter.php(355): CodeIgniter\CodeIgniter->handleRequest(null, Object(Config\Cache), false)
 5 SYSTEMPATH\Boot.php(325): CodeIgniter\CodeIgniter->run()
 6 SYSTEMPATH\Boot.php(67): CodeIgniter\Boot::runCodeIgniter(Object(CodeIgniter\CodeIgniter))
 7 FCPATH\index.php(56): CodeIgniter\Boot::bootWeb(Object(Config\Paths))
WARNING - 2025-02-05 09:06:46 --> [DEPRECATED] Creation of dynamic property App\Controllers\EventsController::$eventLevelsModel is deprecated in APPPATH\Controllers\EventsController.php on line 31.
 1 SYSTEMPATH\CodeIgniter.php(903): App\Controllers\EventsController->__construct()
 2 SYSTEMPATH\CodeIgniter.php(500): CodeIgniter\CodeIgniter->createController()
 3 SYSTEMPATH\CodeIgniter.php(355): CodeIgniter\CodeIgniter->handleRequest(null, Object(Config\Cache), false)
 4 SYSTEMPATH\Boot.php(325): CodeIgniter\CodeIgniter->run()
 5 SYSTEMPATH\Boot.php(67): CodeIgniter\Boot::runCodeIgniter(Object(CodeIgniter\CodeIgniter))
 6 FCPATH\index.php(56): CodeIgniter\Boot::bootWeb(Object(Config\Paths))
CRITICAL - 2025-02-05 09:06:46 --> Error: Undefined constant "App\Libraries\STDIN"
[Method: GET, Route: events/send]
in APPPATH\Libraries\GoogleCalendarLib.php on line 48.
 1 APPPATH\Libraries\GoogleCalendarLib.php(33): App\Libraries\GoogleCalendarLib->authenticateUser('C:\\xampp\\htdocs\\ci4\\backend\\writable\\token.json')
 2 APPPATH\Controllers\EventsController.php(34): App\Libraries\GoogleCalendarLib->__construct()
 3 SYSTEMPATH\CodeIgniter.php(903): App\Controllers\EventsController->__construct()
 4 SYSTEMPATH\CodeIgniter.php(500): CodeIgniter\CodeIgniter->createController()
 5 SYSTEMPATH\CodeIgniter.php(355): CodeIgniter\CodeIgniter->handleRequest(null, Object(Config\Cache), false)
 6 SYSTEMPATH\Boot.php(325): CodeIgniter\CodeIgniter->run()
 7 SYSTEMPATH\Boot.php(67): CodeIgniter\Boot::runCodeIgniter(Object(CodeIgniter\CodeIgniter))
 8 FCPATH\index.php(56): CodeIgniter\Boot::bootWeb(Object(Config\Paths))
WARNING - 2025-02-05 09:07:21 --> [DEPRECATED] Creation of dynamic property App\Controllers\EventsController::$eventLevelsModel is deprecated in APPPATH\Controllers\EventsController.php on line 31.
 1 SYSTEMPATH\CodeIgniter.php(903): App\Controllers\EventsController->__construct()
 2 SYSTEMPATH\CodeIgniter.php(500): CodeIgniter\CodeIgniter->createController()
 3 SYSTEMPATH\CodeIgniter.php(355): CodeIgniter\CodeIgniter->handleRequest(null, Object(Config\Cache), false)
 4 SYSTEMPATH\Boot.php(325): CodeIgniter\CodeIgniter->run()
 5 SYSTEMPATH\Boot.php(67): CodeIgniter\Boot::runCodeIgniter(Object(CodeIgniter\CodeIgniter))
 6 FCPATH\index.php(56): CodeIgniter\Boot::bootWeb(Object(Config\Paths))
CRITICAL - 2025-02-05 09:07:21 --> Error: Undefined constant "App\Libraries\STDIN"
[Method: GET, Route: events/send]
in APPPATH\Libraries\GoogleCalendarLib.php on line 48.
 1 APPPATH\Libraries\GoogleCalendarLib.php(33): App\Libraries\GoogleCalendarLib->authenticateUser('C:\\xampp\\htdocs\\ci4\\backend\\writable\\token.json')
 2 APPPATH\Controllers\EventsController.php(34): App\Libraries\GoogleCalendarLib->__construct()
 3 SYSTEMPATH\CodeIgniter.php(903): App\Controllers\EventsController->__construct()
 4 SYSTEMPATH\CodeIgniter.php(500): CodeIgniter\CodeIgniter->createController()
 5 SYSTEMPATH\CodeIgniter.php(355): CodeIgniter\CodeIgniter->handleRequest(null, Object(Config\Cache), false)
 6 SYSTEMPATH\Boot.php(325): CodeIgniter\CodeIgniter->run()
 7 SYSTEMPATH\Boot.php(67): CodeIgniter\Boot::runCodeIgniter(Object(CodeIgniter\CodeIgniter))
 8 FCPATH\index.php(56): CodeIgniter\Boot::bootWeb(Object(Config\Paths))
